2020-07-15 09:06:14 INFO  RoleServiceImpl:20 - The role was saved into db
2020-07-15 09:06:16 INFO  UserServiceImpl:21 - The user was saved into db
2020-07-15 09:06:16 INFO  RoleServiceImpl:20 - The role was saved into db
2020-07-15 09:06:16 INFO  UserServiceImpl:21 - The user was saved into db
2020-07-15 09:09:50 INFO  RoleServiceImpl:20 - The role was saved into db
2020-07-15 09:09:51 INFO  UserServiceImpl:21 - The user was saved into db
2020-07-15 09:09:51 INFO  RoleServiceImpl:20 - The role was saved into db
2020-07-15 09:09:51 INFO  UserServiceImpl:21 - The user was saved into db
2020-07-15 09:11:55 INFO  RoleServiceImpl:20 - The role was saved into db
2020-07-15 09:11:56 INFO  UserServiceImpl:21 - The user was saved into db
2020-07-15 09:11:56 INFO  RoleServiceImpl:20 - The role was saved into db
2020-07-15 09:11:56 INFO  UserServiceImpl:21 - The user was saved into db
2020-07-15 09:45:22 INFO  RoleServiceImpl:20 - The role was saved into db
2020-07-15 09:45:23 INFO  UserServiceImpl:21 - The user was saved into db
2020-07-15 09:45:23 INFO  RoleServiceImpl:20 - The role was saved into db
2020-07-15 09:45:23 INFO  UserServiceImpl:21 - The user was saved into db
2020-07-15 09:54:07 INFO  RoleServiceImpl:20 - The role was saved into db
2020-07-15 09:54:08 INFO  UserServiceImpl:21 - The user was saved into db
2020-07-15 09:54:09 INFO  RoleServiceImpl:20 - The role was saved into db
2020-07-15 09:54:09 INFO  UserServiceImpl:21 - The user was saved into db
2020-07-15 10:03:18 INFO  RoleServiceImpl:20 - The role was saved into db
2020-07-15 10:03:19 INFO  UserServiceImpl:21 - The user was saved into db
2020-07-15 10:03:19 INFO  RoleServiceImpl:20 - The role was saved into db
2020-07-15 10:03:19 INFO  UserServiceImpl:21 - The user was saved into db
2020-07-15 10:31:27 INFO  RoleServiceImpl:20 - The role was saved into db
2020-07-15 10:31:28 INFO  UserServiceImpl:21 - The user was saved into db
2020-07-15 10:31:28 INFO  RoleServiceImpl:20 - The role was saved into db
2020-07-15 10:31:28 INFO  UserServiceImpl:21 - The user was saved into db
2020-07-15 10:32:31 INFO  UserServiceImpl:27 - The user was found by login
2020-07-15 10:32:31 INFO  RoleServiceImpl:26 - The role was found by name
2020-07-15 10:35:06 INFO  RoleServiceImpl:20 - The role was saved into db
2020-07-15 10:35:07 INFO  UserServiceImpl:21 - The user was saved into db
2020-07-15 10:35:07 INFO  RoleServiceImpl:20 - The role was saved into db
2020-07-15 10:35:07 INFO  UserServiceImpl:21 - The user was saved into db
2020-07-15 10:35:31 INFO  UserServiceImpl:27 - The user was found by login
2020-07-15 10:35:31 INFO  RoleServiceImpl:26 - The role was found by name
2020-07-15 10:35:31 INFO  UserServiceImpl:44 - The user is registered!!!
2020-07-15 10:35:31 INFO  UserServiceImpl:21 - The user was saved into db
2020-07-15 12:11:20 INFO  UserServiceImpl:27 - The user was found by login
2020-07-15 12:12:08 INFO  RoleServiceImpl:20 - The role was saved into db
2020-07-15 12:12:10 INFO  UserServiceImpl:21 - The user was saved into db
2020-07-15 12:12:10 INFO  RoleServiceImpl:20 - The role was saved into db
2020-07-15 12:12:10 INFO  UserServiceImpl:21 - The user was saved into db
2020-07-15 12:12:55 INFO  UserServiceImpl:27 - The user was found by login
2020-07-15 12:13:36 INFO  RoleServiceImpl:26 - The role was found by name
2020-07-15 12:13:53 INFO  UserServiceImpl:44 - The user is registered!!!
2020-07-15 12:13:59 INFO  UserServiceImpl:21 - The user was saved into db
2020-07-15 12:17:40 INFO  RoleServiceImpl:20 - The role was saved into db
2020-07-15 12:17:41 INFO  UserServiceImpl:21 - The user was saved into db
2020-07-15 12:17:41 INFO  RoleServiceImpl:20 - The role was saved into db
2020-07-15 12:17:41 INFO  UserServiceImpl:21 - The user was saved into db
2020-07-15 12:18:15 INFO  UserServiceImpl:27 - The user was found by login
2020-07-15 12:18:24 INFO  RoleServiceImpl:26 - The role was found by name
2020-07-15 12:18:31 INFO  UserServiceImpl:21 - The user was saved into db
2020-07-15 12:19:11 INFO  RoleServiceImpl:20 - The role was saved into db
2020-07-15 12:19:13 INFO  UserServiceImpl:21 - The user was saved into db
2020-07-15 12:19:13 INFO  RoleServiceImpl:20 - The role was saved into db
2020-07-15 12:19:13 INFO  UserServiceImpl:21 - The user was saved into db
2020-07-15 12:19:30 INFO  UserServiceImpl:27 - The user was found by login
2020-07-15 12:20:04 INFO  RoleServiceImpl:20 - The role was saved into db
2020-07-15 12:20:05 INFO  UserServiceImpl:21 - The user was saved into db
2020-07-15 12:20:05 INFO  RoleServiceImpl:20 - The role was saved into db
2020-07-15 12:20:05 INFO  UserServiceImpl:21 - The user was saved into db
2020-07-15 13:23:47 INFO  RoleServiceImpl:20 - The role was saved into db
2020-07-15 13:23:48 INFO  UserServiceImpl:21 - The user was saved into db
2020-07-15 13:23:48 INFO  RoleServiceImpl:20 - The role was saved into db
2020-07-15 13:23:48 INFO  UserServiceImpl:21 - The user was saved into db
2020-07-15 13:24:19 INFO  RoleServiceImpl:20 - The role was saved into db
2020-07-15 13:24:20 INFO  UserServiceImpl:21 - The user was saved into db
2020-07-15 13:24:21 INFO  RoleServiceImpl:20 - The role was saved into db
2020-07-15 13:24:21 INFO  UserServiceImpl:21 - The user was saved into db
2020-07-15 13:24:52 INFO  UserServiceImpl:27 - The user was found by login
2020-07-15 13:25:17 INFO  RoleServiceImpl:26 - The role was found by name
2020-07-15 13:26:39 INFO  UserServiceImpl:21 - The user was saved into db
2020-07-15 13:27:11 INFO  UserServiceImpl:21 - The user was saved into db
2020-07-15 13:27:54 INFO  UserServiceImpl:27 - The user was found by login
2020-07-15 13:31:48 INFO  RoleServiceImpl:20 - The role was saved into db
2020-07-15 13:31:49 INFO  UserServiceImpl:21 - The user was saved into db
2020-07-15 13:31:49 INFO  RoleServiceImpl:20 - The role was saved into db
2020-07-15 13:31:49 INFO  UserServiceImpl:21 - The user was saved into db
2020-07-15 13:32:06 INFO  UserServiceImpl:27 - The user was found by login
2020-07-15 13:39:34 INFO  RoleServiceImpl:20 - The role was saved into db
2020-07-15 13:39:35 INFO  UserServiceImpl:21 - The user was saved into db
2020-07-15 13:39:35 INFO  RoleServiceImpl:20 - The role was saved into db
2020-07-15 13:39:35 INFO  UserServiceImpl:21 - The user was saved into db
2020-07-15 13:39:54 INFO  UserServiceImpl:27 - The user was found by login
2020-07-15 13:39:54 INFO  RoleServiceImpl:26 - The role was found by name
2020-07-15 13:39:54 INFO  UserServiceImpl:21 - The user was saved into db
2020-07-15 13:40:33 INFO  RoleServiceImpl:20 - The role was saved into db
2020-07-15 13:40:34 INFO  UserServiceImpl:21 - The user was saved into db
2020-07-15 13:40:34 INFO  RoleServiceImpl:20 - The role was saved into db
2020-07-15 13:40:34 INFO  UserServiceImpl:21 - The user was saved into db
2020-07-15 13:41:01 INFO  UserServiceImpl:27 - The user was found by login
2020-07-15 13:41:43 INFO  RoleServiceImpl:26 - The role was found by name
2020-07-15 13:41:53 INFO  RoleServiceImpl:26 - The role was found by name
2020-07-15 13:42:31 INFO  UserServiceImpl:21 - The user was saved into db
2020-07-15 13:44:06 INFO  RoleServiceImpl:20 - The role was saved into db
2020-07-15 13:45:10 INFO  RoleServiceImpl:20 - The role was saved into db
2020-07-15 13:45:10 INFO  UserServiceImpl:21 - The user was saved into db
2020-07-15 13:45:32 INFO  RoleServiceImpl:20 - The role was saved into db
2020-07-15 13:45:46 INFO  RoleServiceImpl:20 - The role was saved into db
2020-07-15 13:45:47 INFO  UserServiceImpl:21 - The user was saved into db
2020-07-15 13:45:47 INFO  RoleServiceImpl:20 - The role was saved into db
2020-07-15 13:45:47 INFO  UserServiceImpl:21 - The user was saved into db
2020-07-15 13:46:44 INFO  UserServiceImpl:27 - The user was found by login
2020-07-15 13:46:44 INFO  RoleServiceImpl:26 - The role was found by name
2020-07-15 13:46:44 INFO  UserServiceImpl:21 - The user was saved into db
2020-07-15 13:50:03 INFO  RoleServiceImpl:20 - The role was saved into db
2020-07-15 13:50:04 INFO  UserServiceImpl:21 - The user was saved into db
2020-07-15 13:50:04 INFO  RoleServiceImpl:20 - The role was saved into db
2020-07-15 13:50:04 INFO  UserServiceImpl:21 - The user was saved into db
2020-07-15 13:50:23 INFO  UserServiceImpl:27 - The user was found by login
2020-07-15 13:50:23 INFO  RoleServiceImpl:26 - The role was found by name
2020-07-15 13:50:23 INFO  UserServiceImpl:21 - The user was saved into db
2020-07-15 13:51:40 INFO  UserServiceImpl:27 - The user was found by login
2020-07-15 13:51:40 INFO  RoleServiceImpl:26 - The role was found by name
2020-07-15 13:52:55 INFO  UserServiceImpl:27 - The user was found by login
2020-07-15 13:53:00 INFO  UserServiceImpl:27 - The user was found by login
2020-07-15 13:53:11 INFO  RoleServiceImpl:26 - The role was found by name
2020-07-15 13:53:40 INFO  RoleServiceImpl:26 - The role was found by name
2020-07-15 13:54:24 INFO  UserServiceImpl:27 - The user was found by login
2020-07-15 13:54:42 INFO  RoleServiceImpl:26 - The role was found by name
2020-07-15 13:54:56 INFO  RoleServiceImpl:26 - The role was found by name
2020-07-15 13:55:41 INFO  UserServiceImpl:27 - The user was found by login
2020-07-15 13:56:02 INFO  RoleServiceImpl:26 - The role was found by name
2020-07-15 13:57:03 INFO  RoleServiceImpl:20 - The role was saved into db
2020-07-15 13:57:04 INFO  RoleServiceImpl:20 - The role was saved into db
2020-07-15 13:57:30 INFO  UserServiceImpl:27 - The user was found by login
2020-07-15 13:57:30 INFO  RoleServiceImpl:26 - The role was found by name
2020-07-15 13:57:30 INFO  UserServiceImpl:21 - The user was saved into db
2020-07-15 13:57:30 INFO  UserServiceImpl:45 - The user is registered!!!
2020-07-15 13:57:48 INFO  UserServiceImpl:27 - The user was found by login
2020-07-15 14:05:54 INFO  RoleServiceImpl:20 - The role was saved into db
2020-07-15 14:05:55 INFO  RoleServiceImpl:20 - The role was saved into db
2020-07-15 14:06:26 INFO  UserServiceImpl:27 - The user was found by login
2020-07-15 14:06:26 INFO  RoleServiceImpl:26 - The role was found by name
2020-07-15 14:06:26 INFO  UserServiceImpl:21 - The user was saved into db
2020-07-15 14:06:26 INFO  UserServiceImpl:45 - The user is registered!!!
2020-07-15 14:06:35 INFO  UserServiceImpl:27 - The user was found by login
2020-07-15 14:07:33 INFO  RoleServiceImpl:20 - The role was saved into db
2020-07-15 14:07:34 INFO  RoleServiceImpl:20 - The role was saved into db
2020-07-15 14:08:06 INFO  UserServiceImpl:27 - The user was found by login
2020-07-15 14:08:06 INFO  RoleServiceImpl:26 - The role was found by name
2020-07-15 14:08:13 INFO  RoleServiceImpl:20 - The role was saved into db
2020-07-15 14:08:14 INFO  RoleServiceImpl:20 - The role was saved into db
2020-07-15 14:08:42 INFO  UserServiceImpl:27 - The user was found by login
2020-07-15 14:08:42 INFO  RoleServiceImpl:26 - The role was found by name
2020-07-15 14:08:42 INFO  UserServiceImpl:21 - The user was saved into db
2020-07-15 14:08:42 INFO  UserServiceImpl:45 - The user is registered!!!
2020-07-15 14:08:50 INFO  UserServiceImpl:27 - The user was found by login
2020-07-15 14:10:51 INFO  UserServiceImpl:27 - The user was found by login
2020-07-15 14:11:29 INFO  UserServiceImpl:27 - The user was found by login
2020-07-15 14:11:43 INFO  RoleServiceImpl:20 - The role was saved into db
2020-07-15 14:11:45 INFO  RoleServiceImpl:20 - The role was saved into db
2020-07-15 14:12:00 INFO  RoleServiceImpl:20 - The role was saved into db
2020-07-15 14:12:01 INFO  RoleServiceImpl:20 - The role was saved into db
2020-07-15 14:12:42 INFO  RoleServiceImpl:20 - The role was saved into db
2020-07-15 14:12:44 INFO  RoleServiceImpl:20 - The role was saved into db
2020-07-15 14:13:01 INFO  UserServiceImpl:27 - The user was found by login
2020-07-15 14:13:02 INFO  RoleServiceImpl:26 - The role was found by name
2020-07-15 14:13:02 INFO  UserServiceImpl:21 - The user was saved into db
2020-07-15 14:13:02 INFO  UserServiceImpl:45 - The user is registered!!!
2020-07-15 14:18:25 INFO  RoleServiceImpl:20 - The role was saved into db
2020-07-15 14:18:26 INFO  RoleServiceImpl:20 - The role was saved into db
2020-07-15 14:18:41 INFO  UserServiceImpl:27 - The user was found by login
2020-07-15 14:18:41 INFO  RoleServiceImpl:26 - The role was found by name
2020-07-15 14:18:41 INFO  UserServiceImpl:21 - The user was saved into db
2020-07-15 14:18:41 INFO  UserServiceImpl:45 - The user is registered!!!
2020-07-15 14:18:51 INFO  UserServiceImpl:27 - The user was found by login
2020-07-15 14:20:01 INFO  RoleServiceImpl:20 - The role was saved into db
2020-07-15 14:20:02 INFO  RoleServiceImpl:20 - The role was saved into db
2020-07-15 14:20:15 INFO  UserServiceImpl:27 - The user was found by login
2020-07-15 14:20:15 INFO  RoleServiceImpl:26 - The role was found by name
2020-07-15 14:20:15 INFO  UserServiceImpl:21 - The user was saved into db
2020-07-15 14:20:15 INFO  UserServiceImpl:45 - The user is registered!!!
2020-07-15 14:20:25 INFO  UserServiceImpl:27 - The user was found by login
2020-07-15 14:20:54 INFO  RoleServiceImpl:20 - The role was saved into db
2020-07-15 14:20:55 INFO  RoleServiceImpl:20 - The role was saved into db
2020-07-15 14:21:07 INFO  UserServiceImpl:27 - The user was found by login
2020-07-15 14:21:07 INFO  RoleServiceImpl:26 - The role was found by name
2020-07-15 14:21:07 INFO  UserServiceImpl:21 - The user was saved into db
2020-07-15 14:21:08 INFO  UserServiceImpl:45 - The user is registered!!!
2020-07-15 14:21:16 INFO  UserServiceImpl:27 - The user was found by login
2020-07-15 14:23:53 INFO  RoleServiceImpl:20 - The role was saved into db
2020-07-15 14:23:54 INFO  RoleServiceImpl:20 - The role was saved into db
2020-07-15 14:24:08 INFO  UserServiceImpl:27 - The user was found by login
2020-07-15 14:24:08 INFO  RoleServiceImpl:26 - The role was found by name
2020-07-15 14:24:08 INFO  UserServiceImpl:21 - The user was saved into db
2020-07-15 14:24:08 INFO  UserServiceImpl:45 - The user is registered!!!
2020-07-15 14:24:26 INFO  UserServiceImpl:27 - The user was found by login
2020-07-15 14:24:55 INFO  RoleServiceImpl:20 - The role was saved into db
2020-07-15 14:24:56 INFO  RoleServiceImpl:20 - The role was saved into db
2020-07-15 14:25:09 INFO  UserServiceImpl:27 - The user was found by login
2020-07-15 14:25:09 INFO  RoleServiceImpl:26 - The role was found by name
2020-07-15 14:25:10 INFO  UserServiceImpl:21 - The user was saved into db
2020-07-15 14:25:10 INFO  UserServiceImpl:45 - The user is registered!!!
2020-07-15 14:25:15 INFO  UserServiceImpl:27 - The user was found by login
2020-07-15 14:27:13 INFO  RoleServiceImpl:20 - The role was saved into db
2020-07-15 14:27:14 INFO  RoleServiceImpl:20 - The role was saved into db
2020-07-15 14:27:29 INFO  UserServiceImpl:27 - The user was found by loginadmin
2020-07-15 14:27:29 INFO  RoleServiceImpl:26 - The role was found by name
2020-07-15 14:27:29 INFO  UserServiceImpl:21 - The user was saved into db
2020-07-15 14:27:29 INFO  UserServiceImpl:45 - The user is registered!!!1
2020-07-15 14:27:36 INFO  UserServiceImpl:27 - The user was found by login
2020-07-15 14:30:38 INFO  RoleServiceImpl:20 - The role was saved into db
2020-07-15 14:30:39 INFO  RoleServiceImpl:20 - The role was saved into db
2020-07-15 14:33:31 INFO  RoleServiceImpl:20 - The role was saved into db
2020-07-15 14:33:32 INFO  RoleServiceImpl:20 - The role was saved into db
2020-07-15 14:33:44 INFO  UserServiceImpl:27 - The user was found by loginadmin
2020-07-15 14:33:44 INFO  RoleServiceImpl:26 - The role was found by name
2020-07-15 14:33:44 INFO  UserServiceImpl:21 - The user was saved into db
2020-07-15 14:33:44 INFO  UserServiceImpl:45 - The user is registered!!!1
2020-07-15 14:33:51 INFO  UserServiceImpl:27 - The user was found by login
2020-07-15 14:36:14 INFO  RoleServiceImpl:20 - The role was saved into db
2020-07-15 14:36:15 INFO  RoleServiceImpl:20 - The role was saved into db
2020-07-15 14:36:45 INFO  UserServiceImpl:27 - The user was found by loginadmin
2020-07-15 14:38:14 INFO  RoleServiceImpl:26 - The role was found by name
2020-07-15 14:38:24 INFO  RoleServiceImpl:20 - The role was saved into db
2020-07-15 14:38:24 INFO  RoleServiceImpl:20 - The role was saved into db
2020-07-15 14:38:39 INFO  UserServiceImpl:27 - The user was found by loginadmin
2020-07-15 14:38:39 INFO  RoleServiceImpl:26 - The role was found by name
2020-07-15 14:38:39 INFO  UserServiceImpl:21 - The user was saved into db
2020-07-15 14:38:40 INFO  UserServiceImpl:45 - The user is registered!!!1
2020-07-15 14:38:44 INFO  UserServiceImpl:27 - The user was found by login
2020-07-15 14:38:57 INFO  RoleServiceImpl:20 - The role was saved into db
2020-07-15 14:38:58 INFO  RoleServiceImpl:20 - The role was saved into db
2020-07-15 14:39:18 INFO  UserServiceImpl:27 - The user was found by loginadmin
2020-07-15 14:40:17 INFO  RoleServiceImpl:26 - The role was found by name
2020-07-15 14:40:25 INFO  RoleServiceImpl:20 - The role was saved into db
2020-07-15 14:40:26 INFO  RoleServiceImpl:20 - The role was saved into db
2020-07-15 14:40:57 INFO  UserServiceImpl:27 - The user was found by loginadmin
2020-07-15 14:41:09 INFO  RoleServiceImpl:26 - The role was found by name
2020-07-15 14:41:09 INFO  UserServiceImpl:21 - The user was saved into db
2020-07-15 14:41:09 INFO  UserServiceImpl:45 - The user is registered!!!1
2020-07-15 14:43:54 INFO  RoleServiceImpl:20 - The role was saved into db
2020-07-15 14:43:55 INFO  RoleServiceImpl:20 - The role was saved into db
2020-07-15 14:44:30 INFO  UserServiceImpl:27 - The user was found by loginadmin
2020-07-15 14:44:30 INFO  RoleServiceImpl:26 - The role was found by name
2020-07-15 14:44:30 INFO  UserServiceImpl:21 - The user was saved into db
2020-07-15 14:44:30 INFO  UserServiceImpl:45 - The user is registered!!!1
2020-07-15 14:44:39 INFO  UserServiceImpl:27 - The user was found by login
2020-07-15 14:44:51 INFO  UserServiceImpl:27 - The user was found by loginfasovvy@ukr.net
2020-07-15 14:44:51 INFO  RoleServiceImpl:26 - The role was found by name
2020-07-15 14:44:51 INFO  UserServiceImpl:21 - The user was saved into db
2020-07-15 18:46:25 INFO  RoleServiceImpl:20 - The role was saved into db
2020-07-15 18:46:26 INFO  UserServiceImpl:21 - The user was saved into db
2020-07-15 18:46:26 INFO  RoleServiceImpl:20 - The role was saved into db
2020-07-15 18:46:26 INFO  UserServiceImpl:21 - The user was saved into db
2020-07-15 18:46:44 INFO  UserServiceImpl:27 - The user was found by loginadmin
2020-07-15 18:46:44 INFO  RoleServiceImpl:26 - The role was found by name
2020-07-15 18:46:44 INFO  UserServiceImpl:21 - The user was saved into db
2020-07-15 18:46:44 INFO  UserServiceImpl:45 - The user is registered!!!1
2020-07-15 18:46:50 INFO  UserServiceImpl:27 - The user was found by login
2020-07-15 18:56:14 INFO  RoleServiceImpl:20 - The role was saved into db
2020-07-15 18:56:15 INFO  UserServiceImpl:21 - The user was saved into db
2020-07-15 18:56:15 INFO  RoleServiceImpl:20 - The role was saved into db
2020-07-15 18:56:15 INFO  UserServiceImpl:21 - The user was saved into db
2020-07-15 18:56:28 INFO  UserServiceImpl:27 - The user was found by loginfasovvy@ukr.net
2020-07-15 18:56:28 INFO  RoleServiceImpl:26 - The role was found by name
2020-07-15 18:56:28 INFO  UserServiceImpl:21 - The user was saved into db
2020-07-15 18:56:28 INFO  UserServiceImpl:45 - The user is registered!!!1
2020-07-15 18:56:32 INFO  UserServiceImpl:27 - The user was found by login
2020-07-15 18:57:56 INFO  UserServiceImpl:27 - The user was found by login
2020-07-15 18:59:49 INFO  UserServiceImpl:27 - The user was found by login
2020-07-15 19:09:20 INFO  RoleServiceImpl:20 - The role was saved into db
2020-07-15 19:09:21 INFO  UserServiceImpl:21 - The user was saved into db
2020-07-15 19:09:21 INFO  RoleServiceImpl:20 - The role was saved into db
2020-07-15 19:09:21 INFO  UserServiceImpl:21 - The user was saved into db
2020-07-15 19:09:35 INFO  UserServiceImpl:27 - The user was found by login
2020-07-15 19:10:05 INFO  RoleServiceImpl:20 - The role was saved into db
2020-07-15 19:10:06 INFO  UserServiceImpl:21 - The user was saved into db
2020-07-15 19:10:06 INFO  RoleServiceImpl:20 - The role was saved into db
2020-07-15 19:10:06 INFO  UserServiceImpl:21 - The user was saved into db
2020-07-15 19:11:00 INFO  UserServiceImpl:27 - The user was found by login
2020-07-15 19:11:24 INFO  RoleServiceImpl:20 - The role was saved into db
2020-07-15 19:11:25 INFO  UserServiceImpl:21 - The user was saved into db
2020-07-15 19:11:25 INFO  RoleServiceImpl:20 - The role was saved into db
2020-07-15 19:11:25 INFO  UserServiceImpl:21 - The user was saved into db
2020-07-15 19:11:38 INFO  UserServiceImpl:27 - The user was found by login
2020-07-15 19:12:24 INFO  UserServiceImpl:27 - The user was found by login
2020-07-15 19:15:38 INFO  RoleServiceImpl:20 - The role was saved into db
2020-07-15 19:15:39 INFO  UserServiceImpl:21 - The user was saved into db
2020-07-15 19:15:39 INFO  RoleServiceImpl:20 - The role was saved into db
2020-07-15 19:15:39 INFO  UserServiceImpl:21 - The user was saved into db
2020-07-15 19:15:56 INFO  UserServiceImpl:27 - The user was found by login
2020-07-15 19:20:36 INFO  RoleServiceImpl:20 - The role was saved into db
2020-07-15 19:20:59 INFO  RoleServiceImpl:20 - The role was saved into db
2020-07-15 19:21:17 INFO  RoleServiceImpl:20 - The role was saved into db
2020-07-15 19:21:18 INFO  UserServiceImpl:21 - The user was saved into db
2020-07-15 19:21:18 INFO  RoleServiceImpl:20 - The role was saved into db
2020-07-15 19:21:18 INFO  UserServiceImpl:21 - The user was saved into db
2020-07-15 19:23:01 INFO  UserServiceImpl:27 - The user was found by login
2020-07-15 19:24:26 INFO  RoleServiceImpl:20 - The role was saved into db
2020-07-15 19:24:28 INFO  UserServiceImpl:21 - The user was saved into db
2020-07-15 19:24:28 INFO  RoleServiceImpl:20 - The role was saved into db
2020-07-15 19:24:28 INFO  UserServiceImpl:21 - The user was saved into db
2020-07-15 19:24:36 INFO  UserServiceImpl:27 - The user was found by login
2020-07-15 19:26:22 INFO  RoleServiceImpl:20 - The role was saved into db
2020-07-15 19:26:24 INFO  UserServiceImpl:21 - The user was saved into db
2020-07-15 19:26:24 INFO  RoleServiceImpl:20 - The role was saved into db
2020-07-15 19:26:24 INFO  UserServiceImpl:21 - The user was saved into db
2020-07-15 19:26:32 INFO  UserServiceImpl:27 - The user was found by login
2020-07-15 19:26:46 INFO  RoleServiceImpl:26 - The role was found by name
2020-07-15 19:26:46 INFO  UserServiceImpl:21 - The user was saved into db
2020-07-15 19:26:46 INFO  UserServiceImpl:45 - The user is registered!!!1
2020-07-15 19:26:51 INFO  UserServiceImpl:27 - The user was found by login
2020-07-15 19:27:13 INFO  UserServiceImpl:27 - The user was found by login
2020-07-15 20:20:30 INFO  RoleServiceImpl:20 - The role was saved into db
2020-07-15 20:20:32 INFO  UserServiceImpl:21 - The user was saved into db
2020-07-15 20:20:32 INFO  RoleServiceImpl:20 - The role was saved into db
2020-07-15 20:20:32 INFO  UserServiceImpl:21 - The user was saved into db
2020-07-15 20:22:13 INFO  RoleServiceImpl:20 - The role was saved into db
2020-07-15 20:22:15 INFO  UserServiceImpl:21 - The user was saved into db
2020-07-15 20:22:15 INFO  RoleServiceImpl:20 - The role was saved into db
2020-07-15 20:22:15 INFO  UserServiceImpl:21 - The user was saved into db
2020-07-15 20:22:50 INFO  RoleServiceImpl:26 - The role was found by name
2020-07-15 20:22:50 INFO  UserServiceImpl:21 - The user was saved into db
2020-07-15 20:22:50 INFO  UserServiceImpl:45 - The user is registered!!!1
2020-07-15 20:26:01 INFO  RoleServiceImpl:20 - The role was saved into db
2020-07-15 20:26:02 INFO  UserServiceImpl:21 - The user was saved into db
2020-07-15 20:26:02 INFO  RoleServiceImpl:20 - The role was saved into db
2020-07-15 20:26:02 INFO  UserServiceImpl:21 - The user was saved into db
2020-07-15 20:26:22 INFO  UserServiceImpl:27 - The user was found by login
2020-07-15 20:27:43 INFO  UserServiceImpl:27 - The user was found by login
2020-07-15 20:28:31 INFO  RoleServiceImpl:26 - The role was found by name
2020-07-15 20:28:31 INFO  UserServiceImpl:21 - The user was saved into db
2020-07-15 20:28:31 INFO  UserServiceImpl:45 - The user is registered!!!1
2020-07-15 20:28:36 INFO  UserServiceImpl:27 - The user was found by login
2020-07-15 20:29:00 INFO  UserServiceImpl:27 - The user was found by login
2020-07-15 20:37:41 INFO  RoleServiceImpl:20 - The role was saved into db
2020-07-15 20:37:42 INFO  UserServiceImpl:21 - The user was saved into db
2020-07-15 20:37:42 INFO  RoleServiceImpl:20 - The role was saved into db
2020-07-15 20:37:42 INFO  UserServiceImpl:21 - The user was saved into db
2020-07-15 20:38:03 INFO  UserServiceImpl:27 - The user was found by login
2020-07-15 20:39:40 INFO  UserServiceImpl:27 - The user was found by login
2020-07-15 20:39:55 INFO  RoleServiceImpl:26 - The role was found by name
2020-07-15 20:39:55 INFO  UserServiceImpl:21 - The user was saved into db
2020-07-15 20:39:55 INFO  UserServiceImpl:45 - The user is registered!!!1
2020-07-15 20:39:59 INFO  UserServiceImpl:27 - The user was found by login
2020-07-15 20:41:43 INFO  RoleServiceImpl:20 - The role was saved into db
2020-07-15 20:41:44 INFO  UserServiceImpl:21 - The user was saved into db
2020-07-15 20:41:44 INFO  RoleServiceImpl:20 - The role was saved into db
2020-07-15 20:41:44 INFO  UserServiceImpl:21 - The user was saved into db
2020-07-15 20:42:05 INFO  UserServiceImpl:27 - The user was found by login
2020-07-15 20:44:21 INFO  RoleServiceImpl:20 - The role was saved into db
2020-07-15 20:44:22 INFO  UserServiceImpl:21 - The user was saved into db
2020-07-15 20:44:22 INFO  RoleServiceImpl:20 - The role was saved into db
2020-07-15 20:44:22 INFO  UserServiceImpl:21 - The user was saved into db
2020-07-15 20:44:39 INFO  RoleServiceImpl:26 - The role was found by name
2020-07-15 20:44:39 INFO  UserServiceImpl:21 - The user was saved into db
2020-07-15 20:44:39 INFO  UserServiceImpl:45 - The user is registered!!!1
2020-07-15 20:46:10 INFO  RoleServiceImpl:26 - The role was found by name
2020-07-15 20:46:10 INFO  UserServiceImpl:21 - The user was saved into db
2020-07-15 20:46:10 INFO  UserServiceImpl:45 - The user is registered!!!1
2020-07-15 20:46:23 INFO  UserServiceImpl:27 - The user was found by login
2020-07-15 20:47:28 INFO  RoleServiceImpl:20 - The role was saved into db
2020-07-15 20:47:29 INFO  UserServiceImpl:21 - The user was saved into db
2020-07-15 20:47:29 INFO  RoleServiceImpl:20 - The role was saved into db
2020-07-15 20:47:29 INFO  UserServiceImpl:21 - The user was saved into db
2020-07-15 20:47:43 INFO  UserServiceImpl:27 - The user was found by login
2020-07-15 20:48:31 INFO  RoleServiceImpl:20 - The role was saved into db
2020-07-15 20:48:32 INFO  UserServiceImpl:21 - The user was saved into db
2020-07-15 20:48:32 INFO  RoleServiceImpl:20 - The role was saved into db
2020-07-15 20:48:32 INFO  UserServiceImpl:21 - The user was saved into db
2020-07-15 20:48:43 INFO  UserServiceImpl:27 - The user was found by login
2020-07-15 20:51:42 INFO  RoleServiceImpl:20 - The role was saved into db
2020-07-15 20:51:43 INFO  UserServiceImpl:21 - The user was saved into db
2020-07-15 20:51:43 INFO  RoleServiceImpl:20 - The role was saved into db
2020-07-15 20:51:43 INFO  UserServiceImpl:21 - The user was saved into db
2020-07-15 20:51:57 INFO  UserServiceImpl:27 - The user was found by login
2020-07-15 20:52:07 INFO  RoleServiceImpl:26 - The role was found by name
2020-07-15 20:52:07 INFO  UserServiceImpl:21 - The user was saved into db
2020-07-15 20:52:07 INFO  UserServiceImpl:45 - The user is registered!!!1111
2020-07-15 20:52:11 INFO  UserServiceImpl:27 - The user was found by login
2020-07-15 21:03:58 INFO  RoleServiceImpl:20 - The role was saved into db
2020-07-15 21:04:00 INFO  UserServiceImpl:21 - The user was saved into db
2020-07-15 21:04:00 INFO  RoleServiceImpl:20 - The role was saved into db
2020-07-15 21:04:00 INFO  UserServiceImpl:21 - The user was saved into db
2020-07-15 21:05:04 INFO  RoleServiceImpl:20 - The role was saved into db
2020-07-15 21:05:05 INFO  UserServiceImpl:21 - The user was saved into db
2020-07-15 21:05:05 INFO  RoleServiceImpl:20 - The role was saved into db
2020-07-15 21:05:05 INFO  UserServiceImpl:21 - The user was saved into db
2020-07-15 21:05:18 INFO  UserServiceImpl:27 - The user was found by login
2020-07-15 21:15:49 INFO  RoleServiceImpl:20 - The role was saved into db
2020-07-15 21:15:50 INFO  UserServiceImpl:21 - The user was saved into db
2020-07-15 21:15:50 INFO  RoleServiceImpl:20 - The role was saved into db
2020-07-15 21:15:50 INFO  UserServiceImpl:21 - The user was saved into db
2020-07-15 21:16:05 INFO  RoleServiceImpl:20 - The role was saved into db
2020-07-15 21:16:06 INFO  UserServiceImpl:21 - The user was saved into db
2020-07-15 21:16:06 INFO  RoleServiceImpl:20 - The role was saved into db
2020-07-15 21:16:06 INFO  UserServiceImpl:21 - The user was saved into db
